<?xml version="1.0" encoding="UTF-8"?>
<!-- Generated by org.testng.reporters.JUnitReportReporter -->
<testsuite skipped="0" hostname="DESKTOP-K9519T8" name="MyRunner.TestRunner" tests="2" failures="0" timestamp="30 Apr 2018 11:07:38 GMT" time="55.766" errors="0">
  <testcase name="feature" time="0.085" classname="MyRunner.TestRunner"/>
  <testcase name="feature" time="55.681" classname="MyRunner.TestRunner"/>
</testsuite> <!-- MyRunner.TestRunner -->
